d:\users\wushuang\desktop\networkreview\netreview\mychatserver\mychatserver\x64\debug\vc142.pdb
d:\users\wushuang\desktop\networkreview\netreview\mychatserver\mychatserver\x64\debug\vc142.idb
d:\users\wushuang\desktop\networkreview\netreview\mychatserver\mychatserver\x64\debug\tcpserver.obj
d:\users\wushuang\desktop\networkreview\netreview\mychatserver\mychatserver\x64\debug\cmysql.obj
d:\users\wushuang\desktop\networkreview\netreview\mychatserver\mychatserver\x64\debug\tcpservermediator.obj
d:\users\wushuang\desktop\networkreview\netreview\mychatserver\mychatserver\x64\debug\tcpclient.obj
d:\users\wushuang\desktop\networkreview\netreview\mychatserver\mychatserver\x64\debug\tcpclientmediator.obj
d:\users\wushuang\desktop\networkreview\netreview\mychatserver\mychatserver\x64\debug\ckernel.obj
d:\users\wushuang\desktop\networkreview\netreview\mychatserver\mychatserver\x64\debug\main.obj
d:\users\wushuang\desktop\networkreview\netreview\mychatserver\mychatserver\x64\debug\clock.obj
d:\users\wushuang\desktop\networkreview\netreview\mychatserver\x64\debug\mychatserver.pdb
d:\users\wushuang\desktop\networkreview\netreview\mychatserver\mychatserver\x64\debug\mychatserver.tlog\cl.command.1.tlog
d:\users\wushuang\desktop\networkreview\netreview\mychatserver\mychatserver\x64\debug\mychatserver.tlog\cl.read.1.tlog
d:\users\wushuang\desktop\networkreview\netreview\mychatserver\mychatserver\x64\debug\mychatserver.tlog\cl.write.1.tlog
d:\users\wushuang\desktop\networkreview\netreview\mychatserver\mychatserver\x64\debug\mychatserver.tlog\link-cvtres.read.1.tlog
d:\users\wushuang\desktop\networkreview\netreview\mychatserver\mychatserver\x64\debug\mychatserver.tlog\link-cvtres.write.1.tlog
d:\users\wushuang\desktop\networkreview\netreview\mychatserver\mychatserver\x64\debug\mychatserver.tlog\link-rc.read.1.tlog
d:\users\wushuang\desktop\networkreview\netreview\mychatserver\mychatserver\x64\debug\mychatserver.tlog\link-rc.write.1.tlog
d:\users\wushuang\desktop\networkreview\netreview\mychatserver\mychatserver\x64\debug\mychatserver.tlog\link.16048-cvtres.read.1.tlog
d:\users\wushuang\desktop\networkreview\netreview\mychatserver\mychatserver\x64\debug\mychatserver.tlog\link.16048-cvtres.write.1.tlog
d:\users\wushuang\desktop\networkreview\netreview\mychatserver\mychatserver\x64\debug\mychatserver.tlog\link.16048-rc.read.1.tlog
d:\users\wushuang\desktop\networkreview\netreview\mychatserver\mychatserver\x64\debug\mychatserver.tlog\link.16048-rc.write.1.tlog
d:\users\wushuang\desktop\networkreview\netreview\mychatserver\mychatserver\x64\debug\mychatserver.tlog\link.16048.read.1.tlog
d:\users\wushuang\desktop\networkreview\netreview\mychatserver\mychatserver\x64\debug\mychatserver.tlog\link.16048.write.1.tlog
d:\users\wushuang\desktop\networkreview\netreview\mychatserver\mychatserver\x64\debug\mychatserver.tlog\link.command.1.tlog
d:\users\wushuang\desktop\networkreview\netreview\mychatserver\mychatserver\x64\debug\mychatserver.tlog\link.read.1.tlog
d:\users\wushuang\desktop\networkreview\netreview\mychatserver\mychatserver\x64\debug\mychatserver.tlog\link.write.1.tlog
