  CKernel.cpp
D:\Users\wushuang\Desktop\networkReview\netReview\MyChatServer\MyChatServer\CKernel.cpp(222,63): warning C4244: “参数”: 从“unsigned __int64”转换到“long”，可能丢失数据
D:\Users\wushuang\Desktop\networkReview\netReview\MyChatServer\MyChatServer\CKernel.cpp(250,61): warning C4244: “参数”: 从“unsigned __int64”转换到“long”，可能丢失数据
D:\Users\wushuang\Desktop\networkReview\netReview\MyChatServer\MyChatServer\CKernel.cpp(318,89): warning C4244: “参数”: 从“unsigned __int64”转换到“long”，可能丢失数据
D:\Users\wushuang\Desktop\networkReview\netReview\MyChatServer\MyChatServer\CKernel.cpp(369,82): warning C4244: “参数”: 从“unsigned __int64”转换到“long”，可能丢失数据
D:\Users\wushuang\Desktop\networkReview\netReview\MyChatServer\MyChatServer\CKernel.cpp(388,63): warning C4244: “参数”: 从“unsigned __int64”转换到“long”，可能丢失数据
D:\Users\wushuang\Desktop\networkReview\netReview\MyChatServer\MyChatServer\CKernel.cpp(411,93): warning C4244: “参数”: 从“unsigned __int64”转换到“long”，可能丢失数据
D:\Users\wushuang\Desktop\networkReview\netReview\MyChatServer\MyChatServer\CKernel.cpp(385,2): warning C4996: 'strcpy': This function or variable may be unsafe. Consider using strcpy_s instead. To disable deprecation, use _CRT_SECURE_NO_WARNINGS. See online help for details.
D:\Users\wushuang\Desktop\networkReview\netReview\MyChatServer\MyChatServer\CKernel.cpp(456,64): warning C4244: “参数”: 从“unsigned __int64”转换到“long”，可能丢失数据
D:\Users\wushuang\Desktop\networkReview\netReview\MyChatServer\MyChatServer\CKernel.cpp(501,61): warning C4244: “参数”: 从“unsigned __int64”转换到“long”，可能丢失数据
D:\Users\wushuang\Desktop\networkReview\netReview\MyChatServer\MyChatServer\CKernel.cpp(533,79): warning C4244: “参数”: 从“unsigned __int64”转换到“long”，可能丢失数据
D:\Users\wushuang\Desktop\networkReview\netReview\MyChatServer\MyChatServer\CKernel.cpp(631,77): warning C4244: “参数”: 从“unsigned __int64”转换到“long”，可能丢失数据
D:\Users\wushuang\Desktop\networkReview\netReview\MyChatServer\MyChatServer\CKernel.cpp(679,76): warning C4244: “参数”: 从“unsigned __int64”转换到“long”，可能丢失数据
D:\Users\wushuang\Desktop\networkReview\netReview\MyChatServer\MyChatServer\CKernel.cpp(716,61): warning C4244: “参数”: 从“unsigned __int64”转换到“long”，可能丢失数据
D:\Users\wushuang\Desktop\networkReview\netReview\MyChatServer\MyChatServer\CKernel.cpp(756,61): warning C4244: “参数”: 从“unsigned __int64”转换到“long”，可能丢失数据
D:\Users\wushuang\Desktop\networkReview\netReview\MyChatServer\MyChatServer\CKernel.cpp(783,61): warning C4244: “参数”: 从“unsigned __int64”转换到“long”，可能丢失数据
D:\Users\wushuang\Desktop\networkReview\netReview\MyChatServer\MyChatServer\CKernel.cpp(798,2): warning C4996: 'sprintf': This function or variable may be unsafe. Consider using sprintf_s instead. To disable deprecation, use _CRT_SECURE_NO_WARNINGS. See online help for details.
D:\Users\wushuang\Desktop\networkReview\netReview\MyChatServer\MyChatServer\CKernel.cpp(806,2): warning C4996: 'sprintf': This function or variable may be unsafe. Consider using sprintf_s instead. To disable deprecation, use _CRT_SECURE_NO_WARNINGS. See online help for details.
D:\Users\wushuang\Desktop\networkReview\netReview\MyChatServer\MyChatServer\CKernel.cpp(819,2): warning C4996: 'sprintf': This function or variable may be unsafe. Consider using sprintf_s instead. To disable deprecation, use _CRT_SECURE_NO_WARNINGS. See online help for details.
D:\Users\wushuang\Desktop\networkReview\netReview\MyChatServer\MyChatServer\CKernel.cpp(835,2): warning C4996: 'strcpy': This function or variable may be unsafe. Consider using strcpy_s instead. To disable deprecation, use _CRT_SECURE_NO_WARNINGS. See online help for details.
D:\Users\wushuang\Desktop\networkReview\netReview\MyChatServer\MyChatServer\CKernel.cpp(836,2): warning C4996: 'strcpy': This function or variable may be unsafe. Consider using strcpy_s instead. To disable deprecation, use _CRT_SECURE_NO_WARNINGS. See online help for details.
D:\Users\wushuang\Desktop\networkReview\netReview\MyChatServer\MyChatServer\CKernel.cpp(837,2): warning C4996: 'strcpy': This function or variable may be unsafe. Consider using strcpy_s instead. To disable deprecation, use _CRT_SECURE_NO_WARNINGS. See online help for details.
D:\Users\wushuang\Desktop\networkReview\netReview\MyChatServer\MyChatServer\CKernel.cpp(845,3): warning C4996: 'sprintf': This function or variable may be unsafe. Consider using sprintf_s instead. To disable deprecation, use _CRT_SECURE_NO_WARNINGS. See online help for details.
D:\Users\wushuang\Desktop\networkReview\netReview\MyChatServer\MyChatServer\CKernel.cpp(857,2): warning C4996: 'strcpy': This function or variable may be unsafe. Consider using strcpy_s instead. To disable deprecation, use _CRT_SECURE_NO_WARNINGS. See online help for details.
D:\Users\wushuang\Desktop\networkReview\netReview\MyChatServer\MyChatServer\CKernel.cpp(947,80): warning C4244: “参数”: 从“unsigned __int64”转换到“long”，可能丢失数据
D:\Users\wushuang\Desktop\networkReview\netReview\MyChatServer\MyChatServer\CKernel.cpp(887,3): warning C4996: 'strcpy': This function or variable may be unsafe. Consider using strcpy_s instead. To disable deprecation, use _CRT_SECURE_NO_WARNINGS. See online help for details.
D:\Users\wushuang\Desktop\networkReview\netReview\MyChatServer\MyChatServer\CKernel.cpp(911,2): warning C4996: 'strcpy': This function or variable may be unsafe. Consider using strcpy_s instead. To disable deprecation, use _CRT_SECURE_NO_WARNINGS. See online help for details.
D:\Users\wushuang\Desktop\networkReview\netReview\MyChatServer\MyChatServer\CKernel.cpp(924,3): warning C4996: 'sprintf': This function or variable may be unsafe. Consider using sprintf_s instead. To disable deprecation, use _CRT_SECURE_NO_WARNINGS. See online help for details.
D:\Users\wushuang\Desktop\networkReview\netReview\MyChatServer\MyChatServer\CKernel.cpp(941,4): warning C4996: 'strcpy': This function or variable may be unsafe. Consider using strcpy_s instead. To disable deprecation, use _CRT_SECURE_NO_WARNINGS. See online help for details.
D:\Users\wushuang\Desktop\networkReview\netReview\MyChatServer\MyChatServer\CKernel.cpp(942,4): warning C4996: 'strcpy': This function or variable may be unsafe. Consider using strcpy_s instead. To disable deprecation, use _CRT_SECURE_NO_WARNINGS. See online help for details.
D:\Users\wushuang\Desktop\networkReview\netReview\MyChatServer\MyChatServer\CKernel.cpp(969,80): warning C4267: “=”: 从“size_t”转换到“int”，可能丢失数据
D:\Users\wushuang\Desktop\networkReview\netReview\MyChatServer\MyChatServer\CKernel.cpp(966,2): warning C4996: 'strcpy': This function or variable may be unsafe. Consider using strcpy_s instead. To disable deprecation, use _CRT_SECURE_NO_WARNINGS. See online help for details.
D:\Users\wushuang\Desktop\networkReview\netReview\MyChatServer\MyChatServer\CKernel.cpp(1015,80): warning C4267: “=”: 从“size_t”转换到“int”，可能丢失数据
D:\Users\wushuang\Desktop\networkReview\netReview\MyChatServer\MyChatServer\CKernel.cpp(989,3): warning C4996: 'unlink': The POSIX name for this item is deprecated. Instead, use the ISO C and C++ conformant name: _unlink. See online help for details.
D:\Users\wushuang\Desktop\networkReview\netReview\MyChatServer\MyChatServer\CKernel.cpp(992,3): warning C4996: 'sprintf': This function or variable may be unsafe. Consider using sprintf_s instead. To disable deprecation, use _CRT_SECURE_NO_WARNINGS. See online help for details.
D:\Users\wushuang\Desktop\networkReview\netReview\MyChatServer\MyChatServer\CKernel.cpp(1013,2): warning C4996: 'strcpy': This function or variable may be unsafe. Consider using strcpy_s instead. To disable deprecation, use _CRT_SECURE_NO_WARNINGS. See online help for details.
D:\Users\wushuang\Desktop\networkReview\netReview\MyChatServer\MyChatServer\CKernel.cpp(1046,4): warning C4996: 'strcpy': This function or variable may be unsafe. Consider using strcpy_s instead. To disable deprecation, use _CRT_SECURE_NO_WARNINGS. See online help for details.
D:\Users\wushuang\Desktop\networkReview\netReview\MyChatServer\MyChatServer\CKernel.cpp(1061,3): warning C4996: 'strcpy': This function or variable may be unsafe. Consider using strcpy_s instead. To disable deprecation, use _CRT_SECURE_NO_WARNINGS. See online help for details.
D:\Users\wushuang\Desktop\networkReview\netReview\MyChatServer\MyChatServer\CKernel.cpp(1083,3): warning C4996: 'strcpy': This function or variable may be unsafe. Consider using strcpy_s instead. To disable deprecation, use _CRT_SECURE_NO_WARNINGS. See online help for details.
D:\Users\wushuang\Desktop\networkReview\netReview\MyChatServer\MyChatServer\CKernel.cpp(1094,2): warning C4996: 'unlink': The POSIX name for this item is deprecated. Instead, use the ISO C and C++ conformant name: _unlink. See online help for details.
D:\Users\wushuang\Desktop\networkReview\netReview\MyChatServer\MyChatServer\CKernel.cpp(1104,2): warning C4996: 'sprintf': This function or variable may be unsafe. Consider using sprintf_s instead. To disable deprecation, use _CRT_SECURE_NO_WARNINGS. See online help for details.
D:\Users\wushuang\Desktop\networkReview\netReview\MyChatServer\MyChatServer\CKernel.cpp(1111,2): warning C4996: 'strcpy': This function or variable may be unsafe. Consider using strcpy_s instead. To disable deprecation, use _CRT_SECURE_NO_WARNINGS. See online help for details.
D:\Users\wushuang\Desktop\networkReview\netReview\MyChatServer\MyChatServer\CKernel.cpp(1129,82): warning C4244: “参数”: 从“unsigned __int64”转换到“long”，可能丢失数据
D:\Users\wushuang\Desktop\networkReview\netReview\MyChatServer\MyChatServer\CKernel.cpp(1151,86): warning C4244: “参数”: 从“unsigned __int64”转换到“long”，可能丢失数据
D:\Users\wushuang\Desktop\networkReview\netReview\MyChatServer\MyChatServer\CKernel.cpp(1154,87): warning C4244: “参数”: 从“unsigned __int64”转换到“long”，可能丢失数据
D:\Users\wushuang\Desktop\networkReview\netReview\MyChatServer\MyChatServer\CKernel.cpp(1181,3): warning C4996: 'strcpy': This function or variable may be unsafe. Consider using strcpy_s instead. To disable deprecation, use _CRT_SECURE_NO_WARNINGS. See online help for details.
D:\Users\wushuang\Desktop\networkReview\netReview\MyChatServer\MyChatServer\CKernel.cpp(1184,3): warning C4996: 'strcpy': This function or variable may be unsafe. Consider using strcpy_s instead. To disable deprecation, use _CRT_SECURE_NO_WARNINGS. See online help for details.
D:\Users\wushuang\Desktop\networkReview\netReview\MyChatServer\MyChatServer\CKernel.cpp(1210,75): warning C4244: “参数”: 从“unsigned __int64”转换到“long”，可能丢失数据
D:\Users\wushuang\Desktop\networkReview\netReview\MyChatServer\MyChatServer\CKernel.cpp(1230,3): warning C4996: 'strcpy': This function or variable may be unsafe. Consider using strcpy_s instead. To disable deprecation, use _CRT_SECURE_NO_WARNINGS. See online help for details.
D:\Users\wushuang\Desktop\networkReview\netReview\MyChatServer\MyChatServer\CKernel.cpp(1260,83): warning C4244: “参数”: 从“unsigned __int64”转换到“long”，可能丢失数据
D:\Users\wushuang\Desktop\networkReview\netReview\MyChatServer\MyChatServer\CKernel.cpp(1282,86): warning C4244: “参数”: 从“unsigned __int64”转换到“long”，可能丢失数据
D:\Users\wushuang\Desktop\networkReview\netReview\MyChatServer\MyChatServer\CKernel.cpp(1287,75): warning C4244: “参数”: 从“unsigned __int64”转换到“long”，可能丢失数据
D:\Users\wushuang\Desktop\networkReview\netReview\MyChatServer\MyChatServer\CKernel.cpp(1315,3): warning C4996: 'strcpy': This function or variable may be unsafe. Consider using strcpy_s instead. To disable deprecation, use _CRT_SECURE_NO_WARNINGS. See online help for details.
D:\Users\wushuang\Desktop\networkReview\netReview\MyChatServer\MyChatServer\CKernel.cpp(1390,48): warning C4267: “=”: 从“size_t”转换到“int”，可能丢失数据
D:\Users\wushuang\Desktop\networkReview\netReview\MyChatServer\MyChatServer\CKernel.cpp(1374,15): warning C4996: 'fopen': This function or variable may be unsafe. Consider using fopen_s instead. To disable deprecation, use _CRT_SECURE_NO_WARNINGS. See online help for details.
D:\Users\wushuang\Desktop\networkReview\netReview\MyChatServer\MyChatServer\CKernel.cpp(1377,10): warning C4996: 'fopen': This function or variable may be unsafe. Consider using fopen_s instead. To disable deprecation, use _CRT_SECURE_NO_WARNINGS. See online help for details.
D:\Users\wushuang\Desktop\networkReview\netReview\MyChatServer\MyChatServer\CKernel.cpp(1399,9): warning C4996: 'fopen': This function or variable may be unsafe. Consider using fopen_s instead. To disable deprecation, use _CRT_SECURE_NO_WARNINGS. See online help for details.
D:\Users\wushuang\Desktop\networkReview\netReview\MyChatServer\MyChatServer\CKernel.cpp(1426,23): warning C4244: “=”: 从“__int64”转换到“int”，可能丢失数据
D:\Users\wushuang\Desktop\networkReview\netReview\MyChatServer\MyChatServer\CKernel.cpp(1451,71): warning C4244: “参数”: 从“unsigned __int64”转换到“long”，可能丢失数据
D:\Users\wushuang\Desktop\networkReview\netReview\MyChatServer\MyChatServer\CKernel.cpp(1408,2): warning C4996: 'sprintf': This function or variable may be unsafe. Consider using sprintf_s instead. To disable deprecation, use _CRT_SECURE_NO_WARNINGS. See online help for details.
D:\Users\wushuang\Desktop\networkReview\netReview\MyChatServer\MyChatServer\CKernel.cpp(1417,3): warning C4996: 'strcpy': This function or variable may be unsafe. Consider using strcpy_s instead. To disable deprecation, use _CRT_SECURE_NO_WARNINGS. See online help for details.
D:\Users\wushuang\Desktop\networkReview\netReview\MyChatServer\MyChatServer\CKernel.cpp(1429,3): warning C4996: 'strcpy': This function or variable may be unsafe. Consider using strcpy_s instead. To disable deprecation, use _CRT_SECURE_NO_WARNINGS. See online help for details.
D:\Users\wushuang\Desktop\networkReview\netReview\MyChatServer\MyChatServer\CKernel.cpp(1432,3): warning C4996: 'strcpy': This function or variable may be unsafe. Consider using strcpy_s instead. To disable deprecation, use _CRT_SECURE_NO_WARNINGS. See online help for details.
D:\Users\wushuang\Desktop\networkReview\netReview\MyChatServer\MyChatServer\CKernel.cpp(1436,17): warning C4996: 'fopen': This function or variable may be unsafe. Consider using fopen_s instead. To disable deprecation, use _CRT_SECURE_NO_WARNINGS. See online help for details.
D:\Users\wushuang\Desktop\networkReview\netReview\MyChatServer\MyChatServer\CKernel.cpp(1444,3): warning C4996: 'strcpy': This function or variable may be unsafe. Consider using strcpy_s instead. To disable deprecation, use _CRT_SECURE_NO_WARNINGS. See online help for details.
D:\Users\wushuang\Desktop\networkReview\netReview\MyChatServer\MyChatServer\CKernel.cpp(1445,3): warning C4996: 'strcpy': This function or variable may be unsafe. Consider using strcpy_s instead. To disable deprecation, use _CRT_SECURE_NO_WARNINGS. See online help for details.
  MyChatServer.vcxproj -> D:\Users\wushuang\Desktop\networkReview\netReview\MyChatServer\x64\Debug\MyChatServer.exe
